<?xml version="1.0" encoding="UTF-8"?>
<!-- Generated by org.testng.reporters.JUnitXMLReporter -->
<testsuite hostname="DESKTOP-UQKD5N4" ignored="2" name="Test" tests="3" failures="0" timestamp="08 Sep 2022 15:40:21 GMT" time="24.326" errors="0">
  <testcase name="testqa" time="5.065" classname="com.testng.IteraTestQA"/>
  <testcase name="backforwd" time="10.632" classname="com.testng.Navigation"/>
  <testcase name="log" time="8.44" classname="com.testng.Login"/>
  <testcase name="monsterprof" time="0.0" classname="com.testng.Monster">
    <ignored/>
  </testcase> <!-- monsterprof -->
  <testcase name="table" time="0.0" classname="com.testng.Tableweb">
    <ignored/>
  </testcase> <!-- table -->
</testsuite> <!-- Test -->
