<?xml version="1.0" encoding="UTF-8"?>
<!-- Generated by org.testng.reporters.JUnitXMLReporter -->
<testsuite hostname="DESKTOP-UQKD5N4" ignored="4" name="Test" tests="4" failures="0" timestamp="08 Sep 2022 15:40:46 GMT" time="25.001" errors="0">
  <testcase name="medplussearch" time="8.685" classname="com.testng.Search"/>
  <testcase name="dclick" time="8.6" classname="com.testng.DoubleClick"/>
  <testcase name="table" time="3.454" classname="com.testng.Webtable"/>
  <testcase name="selectitem" time="4.257" classname="com.testng.KeyboardAct"/>
  <testcase name="cursor" time="0.0" classname="com.testng.MoveCursorTng">
    <ignored/>
  </testcase> <!-- cursor -->
  <testcase name="frame" time="0.0" classname="com.testng.medplus">
    <ignored/>
  </testcase> <!-- frame -->
  <testcase name="drop" time="0.0" classname="com.testng.DropdownTst">
    <ignored/>
  </testcase> <!-- drop -->
  <testcase name="log" time="0.0" classname="com.testng.Login">
    <ignored/>
  </testcase> <!-- log -->
</testsuite> <!-- Test -->
