<?xml version="1.0" encoding="UTF-8"?>
<testng-results skipped="0" failed="0" total="1" passed="1">
  <reporter-output>
  </reporter-output>
  <suite name="Default suite" duration-ms="5040" started-at="2022-09-21T15:40:11Z" finished-at="2022-09-21T15:40:16Z">
    <groups>
    </groups>
    <test name="Default test" duration-ms="5040" started-at="2022-09-21T15:40:11Z" finished-at="2022-09-21T15:40:16Z">
      <class name="com.prac.SmallValidation">
        <test-method status="PASS" signature="qa()[pri:0, instance:com.prac.SmallValidation@5b275dab]" name="qa" duration-ms="5019" started-at="2022-09-21T08:40:11Z" finished-at="2022-09-21T08:40:16Z">
          <reporter-output>
          </reporter-output>
        </test-method> <!-- qa -->
      </class> <!-- com.prac.SmallValidation -->
    </test> <!-- Default test -->
  </suite> <!-- Default suite -->
</testng-results>
